{
  "stats": {
    "suites": 1,
    "tests": 1,
    "passes": 1,
    "pending": 0,
    "failures": 0,
    "start": "2022-05-17T22:52:30.253Z",
    "end": "2022-05-17T22:53:02.125Z",
    "duration": 31872,
    "testsRegistered": 1,
    "passPercent": 100,
    "pendingPercent": 0,
    "other": 0,
    "hasOther": false,
    "skipped": 0,
    "hasSkipped": false
  },
  "results": [
    {
      "uuid": "81eabcdf-ed05-4fc9-b31e-7ae00c748987",
      "title": "",
      "fullFile": "cypress/integration/login/login.spec.js",
      "file": "cypress/integration/login/login.spec.js",
      "beforeHooks": [],
      "afterHooks": [],
      "tests": [],
      "suites": [
        {
          "uuid": "ddba44d5-8acf-45b5-af8c-bde9a772fca6",
          "title": "Singup User",
          "fullFile": "",
          "file": "",
          "beforeHooks": [],
          "afterHooks": [],
          "tests": [
            {
              "title": "should be able to login with valid credentials",
              "fullTitle": "Singup User should be able to login with valid credentials",
              "timedOut": null,
              "duration": 25435,
              "state": "passed",
              "speed": "slow",
              "pass": true,
              "fail": false,
              "pending": false,
              "context": null,
              "code": "cy.get(\"#email\").type(\"teste@teste.com\");\ncy.get(\"#password\").type(\"123456\");\ncy.get(\"#btn_login\").click();",
              "err": {},
              "uuid": "54f9dd4f-52fe-4cf5-b0ea-caa82beaa3f0",
              "parentUUID": "ddba44d5-8acf-45b5-af8c-bde9a772fca6",
              "isHook": false,
              "skipped": false
            }
          ],
          "suites": [],
          "passes": [
            "54f9dd4f-52fe-4cf5-b0ea-caa82beaa3f0"
          ],
          "failures": [],
          "pending": [],
          "skipped": [],
          "duration": 25435,
          "root": false,
          "rootEmpty": false,
          "_timeout": 2000
        }
      ],
      "passes": [],
      "failures": [],
      "pending": [],
      "skipped": [],
      "duration": 0,
      "root": true,
      "rootEmpty": true,
      "_timeout": 2000
    }
  ],
  "meta": {
    "mocha": {
      "version": "7.0.1"
    },
    "mochawesome": {
      "options": {
        "quiet": false,
        "reportFilename": "mochawesome",
        "saveHtml": false,
        "saveJson": true,
        "consoleReporter": "spec",
        "useInlineDiffs": false,
        "code": true
      },
      "version": "7.1.3"
    },
    "marge": {
      "options": {
        "charts": true,
        "overwrite": false,
        "html": false,
        "json": true,
        "reportDir": "cypress/report/mochawesome-report"
      },
      "version": "6.2.0"
    }
  }
}